Mon 16:12: ########################################## 
Mon 16:12: Compiling.
Mon 16:12: ########################################## 

Mon 16:12: MaxCompiler version: 2014.2 (simulation only).
Mon 16:12: Build Simulation run rule for spreads-max start time: Mon Apr 13 16:12:19 PDT 2015.
Mon 16:12: Project location: /home/demo/workspace/spreads-max.
Mon 16:12: Detailed build log: /home/demo/workspace/spreads-max/RunRules/Simulation/build.log.

Mon 16:12: Compiling Engine Code.
Mon 16:12: Engine building skipped (no changes on .max files).
Mon 16:12: Compiling CPU Code.
Mon 16:12: Run CPU project make files updating
Mon 16:12: Executing command:
Mon 16:12: java -jar /opt/maxeler/maxcompiler/lib/MaxIDE/projectAdmin.jar -u /home/demo/workspace/spreads-max Simulation 
Mon 16:12: Command output:

Mon 16:12: MaxCompiler Project Admin Tool Version 2014.2
Mon 16:12:  Copyright Maxeler Technologies 2010 - 2014. All rights reserved.

Mon 16:12: Handler version 2
Mon 16:12: Updating RunRule dependent Makefiles for RunRule 'Simulation'
Mon 16:12: 	Updating: Simulation
Mon 16:12: Found makefiles: 1
Mon 16:12: 	Updated: Simulation
Mon 16:12: Run CPU make.
Mon 16:12: make RUNRULE=Simulation 
Mon 16:12: Command output:
Mon 16:12: make -f Makefile.rules build
Mon 16:12: make[1]: Entering directory `/home/demo/workspace/spreads-max/CPUCode'
Mon 16:12: set -e; rm -f ../RunRules/Simulation/objects/c/SpreadDeltaCpuCode.d ;                                                             \
Mon 16:12: 	  cc -M -std=gnu99 -g -O3 -Wall -Wextra -I../RunRules/Simulation/include  -I '/opt/maxeler/maxcompiler/include/slic'  -Wno-error SpreadDeltaCpuCode.c > ../RunRules/Simulation/objects/c/SpreadDeltaCpuCode.d.$$ ;                                 \
Mon 16:12:       sed 's,\(SpreadDeltaCpuCode\)\.o[ :]*,../RunRules/Simulation/objects/c/\1.o ../RunRules/Simulation/objects/c/SpreadDeltaCpuCode.d : ,g' < ../RunRules/Simulation/objects/c/SpreadDeltaCpuCode.d.$$ > ../RunRules/Simulation/objects/c/SpreadDeltaCpuCode.d; \
Mon 16:12:       rm -f ../RunRules/Simulation/objects/c/SpreadDeltaCpuCode.d.$$
Mon 16:12: make[1]: Leaving directory `/home/demo/workspace/spreads-max/CPUCode'
Mon 16:12: make[1]: Entering directory `/home/demo/workspace/spreads-max/CPUCode'
Mon 16:12: cc -std=gnu99 -g -O3 -Wall -Wextra -I../RunRules/Simulation/include  -I '/opt/maxeler/maxcompiler/include/slic'  -c SpreadDeltaCpuCode.c -o ../RunRules/Simulation/objects/c/SpreadDeltaCpuCode.o
Mon 16:12: SpreadDeltaCpuCode.c:26: error: expected declaration specifiers or ‘...’ before ‘(’ tokenmake[1]: Leaving directory `/home/demo/workspace/spreads-max/CPUCode'

Mon 16:12: SpreadDeltaCpuCode.c:26: error: function definition declared ‘typedef’
Mon 16:12: SpreadDeltaCpuCode.c: In function ‘__atribute__’:
Mon 16:12: SpreadDeltaCpuCode.c:26: error: expected declaration specifiers before ‘spread_t’
Mon 16:12: SpreadDeltaCpuCode.c:26: error: expected declaration specifiers before ‘;’ token
Mon 16:12: SpreadDeltaCpuCode.c:28: error: storage class specified for parameter ‘create_cpu_tcp_socket’
Mon 16:12: SpreadDeltaCpuCode.c:32: error: expected ‘=’, ‘,’, ‘;’, ‘asm’ or ‘__attribute__’ before ‘{’ token
Mon 16:12: SpreadDeltaCpuCode.c:67: error: expected ‘=’, ‘,’, ‘;’, ‘asm’ or ‘__attribute__’ before ‘{’ token
Mon 16:12: SpreadDeltaCpuCode.c:85: error: expected ‘=’, ‘,’, ‘;’, ‘asm’ or ‘__attribute__’ before ‘{’ token
Mon 16:12: SpreadDeltaCpuCode.c:29: error: declaration for parameter ‘exchangeFrames’ but no such parameter
Mon 16:12: SpreadDeltaCpuCode.c:28: error: declaration for parameter ‘create_cpu_tcp_socket’ but no such parameter
Mon 16:12: SpreadDeltaCpuCode.c:94: error: expected ‘{’ at end of input
Mon 16:12: SpreadDeltaCpuCode.c:29: warning: unused parameter ‘exchangeFrames’
Mon 16:12: SpreadDeltaCpuCode.c:28: warning: unused parameter ‘create_cpu_tcp_socket’
Mon 16:12: make[1]: *** [../RunRules/Simulation/objects/c/SpreadDeltaCpuCode.o] Error 1
Mon 16:12: make: *** [build] Error 2
Mon 16:12: Make command failed with status = 2
Mon 16:12: Build failed: Mon Apr 13 16:12:20 PDT 2015


